[2025-06-22 17:19:23,825] - INFO - df size: 10127
[2025-06-22 17:19:24,020] - INFO - performing EDA
[2025-06-22 17:19:25,048] - INFO - models exist, loading models
[2025-06-22 17:19:25,311] - INFO - calling classification report image
[2025-06-22 17:19:25,312] - INFO - random forest results
[2025-06-22 17:19:25,312] - INFO - test results
[2025-06-22 17:19:25,317] - INFO -               precision    recall  f1-score   support

           0       0.96      0.99      0.98      2543
           1       0.93      0.80      0.86       496

    accuracy                           0.96      3039
   macro avg       0.95      0.90      0.92      3039
weighted avg       0.96      0.96      0.96      3039

[2025-06-22 17:19:25,317] - INFO - train results
[2025-06-22 17:19:25,321] - INFO -               precision    recall  f1-score   support

           0       1.00      1.00      1.00      5957
           1       1.00      1.00      1.00      1131

    accuracy                           1.00      7088
   macro avg       1.00      1.00      1.00      7088
weighted avg       1.00      1.00      1.00      7088

[2025-06-22 17:19:25,321] - INFO - logistic regression results
[2025-06-22 17:19:25,322] - INFO - test results
[2025-06-22 17:19:25,326] - INFO -               precision    recall  f1-score   support

           0       0.90      0.97      0.93      2543
           1       0.73      0.47      0.57       496

    accuracy                           0.89      3039
   macro avg       0.82      0.72      0.75      3039
weighted avg       0.88      0.89      0.87      3039

[2025-06-22 17:19:25,326] - INFO - train results
[2025-06-22 17:19:25,332] - INFO -               precision    recall  f1-score   support

           0       0.92      0.97      0.94      5957
           1       0.75      0.54      0.63      1131

    accuracy                           0.90      7088
   macro avg       0.83      0.75      0.78      7088
weighted avg       0.89      0.90      0.89      7088

[2025-06-22 17:19:25,886] - INFO - calling feature importance plot
